2026-02-18 10:26:07,350 - INFO - Loading MuJoCo model from: /Users/victoroldensand/Documents/Mecha-Labs/FR8/delta-policy/simulation/delta-robot/scene.xml
2026-02-18 10:26:07,443 - INFO - Loaded plugin: libsdf_plugin.dylib
2026-02-18 10:26:07,443 - INFO - Loaded plugin: libactuator.dylib
2026-02-18 10:26:07,443 - INFO - Loaded plugin: libsensor.dylib
2026-02-18 10:26:07,443 - INFO - Loaded plugin: libelasticity.dylib
2026-02-18 10:26:07,443 - INFO - Parsing MJCF file...
2026-02-18 10:26:07,512 - INFO - Model loaded successfully!
2026-02-18 10:26:07,512 - INFO -   - Bodies: 21
2026-02-18 10:26:07,512 - INFO -   - Joints: 19
2026-02-18 10:26:07,512 - INFO -   - Geoms: 157
2026-02-18 10:26:07,512 - INFO -   - Actuators: 6
2026-02-18 10:26:07,512 - INFO -   - DOF: 81
2026-02-18 10:26:07,513 - INFO - Simulation data initialized
2026-02-18 10:26:07,513 - INFO - Running test simulation step...
2026-02-18 10:26:07,514 - INFO - Test step completed successfully
2026-02-18 10:26:07,582 - INFO - Launching interactive viewer...
2026-02-18 10:26:07,582 - INFO - Controls: Space=pause, Backspace=reset, Tab=UI, Ctrl+L=reload
2026-02-18 10:38:01,453 - INFO - Loading MuJoCo model from: /Users/victoroldensand/Documents/Mecha-Labs/FR8/delta-policy/simulation/delta-robot/scene.xml
2026-02-18 10:38:01,854 - INFO - Loaded plugin: libsdf_plugin.dylib
2026-02-18 10:38:01,854 - INFO - Loaded plugin: libactuator.dylib
2026-02-18 10:38:01,854 - INFO - Loaded plugin: libsensor.dylib
2026-02-18 10:38:01,854 - INFO - Loaded plugin: libelasticity.dylib
2026-02-18 10:38:01,854 - INFO - Parsing MJCF file...
2026-02-18 10:38:01,928 - INFO - Model loaded successfully!
2026-02-18 10:38:01,928 - INFO -   - Bodies: 20
2026-02-18 10:38:01,928 - INFO -   - Joints: 13
2026-02-18 10:38:01,928 - INFO -   - Geoms: 155
2026-02-18 10:38:01,928 - INFO -   - Actuators: 6
2026-02-18 10:38:01,928 - INFO -   - DOF: 27
2026-02-18 10:38:01,929 - INFO - Simulation data initialized
2026-02-18 10:38:01,929 - INFO - Running test simulation step...
2026-02-18 10:38:01,929 - INFO - Test step completed successfully
2026-02-18 10:38:02,033 - INFO - Launching interactive viewer...
2026-02-18 10:38:02,033 - INFO - Controls: Space=pause, Backspace=reset, Tab=UI, Ctrl+L=reload
2026-02-18 10:40:46,330 - INFO - Loading MuJoCo model from: /Users/victoroldensand/Documents/Mecha-Labs/FR8/delta-policy/simulation/delta-robot/scene.xml
2026-02-18 10:40:46,403 - INFO - Loaded plugin: libsdf_plugin.dylib
2026-02-18 10:40:46,403 - INFO - Loaded plugin: libactuator.dylib
2026-02-18 10:40:46,403 - INFO - Loaded plugin: libsensor.dylib
2026-02-18 10:40:46,403 - INFO - Loaded plugin: libelasticity.dylib
2026-02-18 10:40:46,403 - INFO - Parsing MJCF file...
2026-02-18 10:40:46,460 - INFO - Model loaded successfully!
2026-02-18 10:40:46,460 - INFO -   - Bodies: 21
2026-02-18 10:40:46,460 - INFO -   - Joints: 19
2026-02-18 10:40:46,460 - INFO -   - Geoms: 157
2026-02-18 10:40:46,460 - INFO -   - Actuators: 6
2026-02-18 10:40:46,460 - INFO -   - DOF: 81
2026-02-18 10:40:46,460 - INFO - Simulation data initialized
2026-02-18 10:40:46,460 - INFO - Running test simulation step...
2026-02-18 10:40:46,462 - INFO - Test step completed successfully
2026-02-18 10:40:46,522 - INFO - Launching interactive viewer...
2026-02-18 10:40:46,522 - INFO - Controls: Space=pause, Backspace=reset, Tab=UI, Ctrl+L=reload
2026-02-18 10:47:12,563 - INFO - Loading MuJoCo model from: /Users/victoroldensand/Documents/Mecha-Labs/FR8/delta-policy/simulation/delta-robot/scene.xml
2026-02-18 10:47:12,688 - INFO - Loaded plugin: libsdf_plugin.dylib
2026-02-18 10:47:12,688 - INFO - Loaded plugin: libactuator.dylib
2026-02-18 10:47:12,688 - INFO - Loaded plugin: libsensor.dylib
2026-02-18 10:47:12,688 - INFO - Loaded plugin: libelasticity.dylib
2026-02-18 10:47:12,689 - INFO - Parsing MJCF file...
2026-02-18 10:47:12,754 - INFO - Model loaded successfully!
2026-02-18 10:47:12,754 - INFO -   - Bodies: 21
2026-02-18 10:47:12,754 - INFO -   - Joints: 19
2026-02-18 10:47:12,755 - INFO -   - Geoms: 157
2026-02-18 10:47:12,755 - INFO -   - Actuators: 6
2026-02-18 10:47:12,755 - INFO -   - DOF: 81
2026-02-18 10:47:12,756 - INFO - Simulation data initialized
2026-02-18 10:47:12,756 - INFO - Running test simulation step...
2026-02-18 10:47:12,757 - INFO - Test step completed successfully
2026-02-18 10:47:12,822 - INFO - Launching interactive viewer...
2026-02-18 10:47:12,822 - INFO - Controls: Space=pause, Backspace=reset, Tab=UI, Ctrl+L=reload
2026-02-18 11:48:02,420 - INFO - Loading MuJoCo model from: /Users/victoroldensand/Documents/Mecha-Labs/FR8/delta-policy/simulation/delta-robot/scene.xml
2026-02-18 11:48:02,912 - INFO - Loaded plugin: libsdf_plugin.dylib
2026-02-18 11:48:02,912 - INFO - Loaded plugin: libactuator.dylib
2026-02-18 11:48:02,912 - INFO - Loaded plugin: libsensor.dylib
2026-02-18 11:48:02,912 - INFO - Loaded plugin: libelasticity.dylib
2026-02-18 11:48:02,912 - INFO - Parsing MJCF file...
2026-02-18 11:48:02,978 - INFO - Model loaded successfully!
2026-02-18 11:48:02,978 - INFO -   - Bodies: 21
2026-02-18 11:48:02,978 - INFO -   - Joints: 19
2026-02-18 11:48:02,978 - INFO -   - Geoms: 157
2026-02-18 11:48:02,978 - INFO -   - Actuators: 6
2026-02-18 11:48:02,978 - INFO -   - DOF: 81
2026-02-18 11:48:02,979 - INFO - Simulation data initialized
2026-02-18 11:48:02,979 - INFO - Running test simulation step...
2026-02-18 11:48:02,979 - INFO - Test step completed successfully
2026-02-18 11:48:03,097 - INFO - Launching interactive viewer...
2026-02-18 11:48:03,097 - INFO - Controls: Space=pause, Backspace=reset, Tab=UI, Ctrl+L=reload
2026-02-18 11:53:03,355 - INFO - Loading MuJoCo model from: /Users/victoroldensand/Documents/Mecha-Labs/FR8/delta-policy/simulation/delta-robot/scene.xml
2026-02-18 11:53:03,452 - INFO - Loaded plugin: libsdf_plugin.dylib
2026-02-18 11:53:03,452 - INFO - Loaded plugin: libactuator.dylib
2026-02-18 11:53:03,452 - INFO - Loaded plugin: libsensor.dylib
2026-02-18 11:53:03,452 - INFO - Loaded plugin: libelasticity.dylib
2026-02-18 11:53:03,452 - INFO - Parsing MJCF file...
2026-02-18 11:53:03,518 - INFO - Model loaded successfully!
2026-02-18 11:53:03,518 - INFO -   - Bodies: 21
2026-02-18 11:53:03,518 - INFO -   - Joints: 19
2026-02-18 11:53:03,518 - INFO -   - Geoms: 157
2026-02-18 11:53:03,518 - INFO -   - Actuators: 6
2026-02-18 11:53:03,518 - INFO -   - DOF: 66
2026-02-18 11:53:03,519 - INFO - Simulation data initialized
2026-02-18 11:53:03,519 - INFO - Running test simulation step...
2026-02-18 11:53:03,520 - INFO - Test step completed successfully
2026-02-18 11:53:03,588 - INFO - Launching interactive viewer...
2026-02-18 11:53:03,588 - INFO - Controls: Space=pause, Backspace=reset, Tab=UI, Ctrl+L=reload
2026-02-18 11:54:06,596 - INFO - Loading MuJoCo model from: /Users/victoroldensand/Documents/Mecha-Labs/FR8/delta-policy/simulation/delta-robot/scene.xml
2026-02-18 11:54:06,667 - INFO - Loaded plugin: libsdf_plugin.dylib
2026-02-18 11:54:06,667 - INFO - Loaded plugin: libactuator.dylib
2026-02-18 11:54:06,668 - INFO - Loaded plugin: libsensor.dylib
2026-02-18 11:54:06,668 - INFO - Loaded plugin: libelasticity.dylib
2026-02-18 11:54:06,668 - INFO - Parsing MJCF file...
2026-02-18 11:54:06,727 - INFO - Model loaded successfully!
2026-02-18 11:54:06,727 - INFO -   - Bodies: 21
2026-02-18 11:54:06,727 - INFO -   - Joints: 19
2026-02-18 11:54:06,727 - INFO -   - Geoms: 157
2026-02-18 11:54:06,727 - INFO -   - Actuators: 6
2026-02-18 11:54:06,727 - INFO -   - DOF: 66
2026-02-18 11:54:06,727 - INFO - Simulation data initialized
2026-02-18 11:54:06,727 - INFO - Running test simulation step...
2026-02-18 11:54:06,728 - INFO - Test step completed successfully
2026-02-18 11:54:06,799 - INFO - Launching interactive viewer...
2026-02-18 11:54:06,799 - INFO - Controls: Space=pause, Backspace=reset, Tab=UI, Ctrl+L=reload
2026-02-18 11:54:14,729 - INFO - Loading MuJoCo model from: /Users/victoroldensand/Documents/Mecha-Labs/FR8/delta-policy/simulation/delta-robot/scene.xml
2026-02-18 11:54:14,790 - INFO - Loaded plugin: libsdf_plugin.dylib
2026-02-18 11:54:14,790 - INFO - Loaded plugin: libactuator.dylib
2026-02-18 11:54:14,791 - INFO - Loaded plugin: libsensor.dylib
2026-02-18 11:54:14,791 - INFO - Loaded plugin: libelasticity.dylib
2026-02-18 11:54:14,791 - INFO - Parsing MJCF file...
2026-02-18 11:54:14,848 - INFO - Model loaded successfully!
2026-02-18 11:54:14,849 - INFO -   - Bodies: 21
2026-02-18 11:54:14,849 - INFO -   - Joints: 19
2026-02-18 11:54:14,849 - INFO -   - Geoms: 157
2026-02-18 11:54:14,849 - INFO -   - Actuators: 6
2026-02-18 11:54:14,849 - INFO -   - DOF: 66
2026-02-18 11:54:14,849 - INFO - Simulation data initialized
2026-02-18 11:54:14,849 - INFO - Running test simulation step...
2026-02-18 11:54:14,850 - INFO - Test step completed successfully
2026-02-18 11:54:14,912 - INFO - Launching interactive viewer...
2026-02-18 11:54:14,912 - INFO - Controls: Space=pause, Backspace=reset, Tab=UI, Ctrl+L=reload
2026-02-18 12:56:09,132 - INFO - Loading MuJoCo model from: /Users/victoroldensand/Documents/Mecha-Labs/FR8/delta-policy/simulation/delta-robot/scene.xml
2026-02-18 12:56:09,264 - INFO - Loaded plugin: libsdf_plugin.dylib
2026-02-18 12:56:09,264 - INFO - Loaded plugin: libactuator.dylib
2026-02-18 12:56:09,264 - INFO - Loaded plugin: libsensor.dylib
2026-02-18 12:56:09,264 - INFO - Loaded plugin: libelasticity.dylib
2026-02-18 12:56:09,264 - INFO - Parsing MJCF file...
2026-02-18 12:56:09,333 - INFO - Model loaded successfully!
2026-02-18 12:56:09,333 - INFO -   - Bodies: 21
2026-02-18 12:56:09,333 - INFO -   - Joints: 19
2026-02-18 12:56:09,333 - INFO -   - Geoms: 157
2026-02-18 12:56:09,333 - INFO -   - Actuators: 6
2026-02-18 12:56:09,333 - INFO -   - DOF: 66
2026-02-18 12:56:09,334 - INFO - Simulation data initialized
2026-02-18 12:56:09,334 - INFO - Running test simulation step...
2026-02-18 12:56:09,334 - INFO - Test step completed successfully
2026-02-18 12:56:09,429 - INFO - Launching interactive viewer...
2026-02-18 12:56:09,429 - INFO - Controls: Space=pause, Backspace=reset, Tab=UI, Ctrl+L=reload
2026-02-18 15:01:16,068 - INFO - Loading MuJoCo model from: /Users/victoroldensand/Documents/Mecha-Labs/FR8/delta-policy/simulation/delta-robot/scene.xml
2026-02-18 15:01:16,580 - INFO - Loaded plugin: libsdf_plugin.dylib
2026-02-18 15:01:16,580 - INFO - Loaded plugin: libactuator.dylib
2026-02-18 15:01:16,580 - INFO - Loaded plugin: libsensor.dylib
2026-02-18 15:01:16,581 - INFO - Loaded plugin: libelasticity.dylib
2026-02-18 15:01:16,581 - INFO - Parsing MJCF file...
2026-02-18 15:01:16,653 - INFO - Model loaded successfully!
2026-02-18 15:01:16,653 - INFO -   - Bodies: 21
2026-02-18 15:01:16,653 - INFO -   - Joints: 19
2026-02-18 15:01:16,653 - INFO -   - Geoms: 157
2026-02-18 15:01:16,653 - INFO -   - Actuators: 6
2026-02-18 15:01:16,653 - INFO -   - DOF: 66
2026-02-18 15:01:16,654 - INFO - Simulation data initialized
2026-02-18 15:01:16,654 - INFO - Running test simulation step...
2026-02-18 15:01:16,654 - INFO - Test step completed successfully
2026-02-18 15:01:16,786 - INFO - Launching interactive viewer...
2026-02-18 15:01:16,786 - INFO - Controls: Space=pause, Backspace=reset, Tab=UI, Ctrl+L=reload
2026-02-18 15:02:39,170 - INFO - Loading MuJoCo model from: /Users/victoroldensand/Documents/Mecha-Labs/FR8/delta-policy/simulation/delta-robot/scene.xml
2026-02-18 15:02:39,287 - INFO - Loaded plugin: libsdf_plugin.dylib
2026-02-18 15:02:39,287 - INFO - Loaded plugin: libactuator.dylib
2026-02-18 15:02:39,287 - INFO - Loaded plugin: libsensor.dylib
2026-02-18 15:02:39,287 - INFO - Loaded plugin: libelasticity.dylib
2026-02-18 15:02:39,287 - INFO - Parsing MJCF file...
2026-02-18 15:02:39,361 - INFO - Model loaded successfully!
2026-02-18 15:02:39,362 - INFO -   - Bodies: 21
2026-02-18 15:02:39,362 - INFO -   - Joints: 19
2026-02-18 15:02:39,362 - INFO -   - Geoms: 157
2026-02-18 15:02:39,362 - INFO -   - Actuators: 6
2026-02-18 15:02:39,362 - INFO -   - DOF: 66
2026-02-18 15:02:39,362 - INFO - Simulation data initialized
2026-02-18 15:02:39,362 - INFO - Running test simulation step...
2026-02-18 15:02:39,363 - INFO - Test step completed successfully
2026-02-18 15:02:39,419 - INFO - Launching interactive viewer...
2026-02-18 15:02:39,419 - INFO - Controls: Space=pause, Backspace=reset, Tab=UI, Ctrl+L=reload
2026-02-18 15:08:13,582 - INFO - Loading MuJoCo model from: /Users/victoroldensand/Documents/Mecha-Labs/FR8/delta-policy/simulation/delta-robot/scene.xml
2026-02-18 15:08:13,697 - INFO - Loaded plugin: libsdf_plugin.dylib
2026-02-18 15:08:13,697 - INFO - Loaded plugin: libactuator.dylib
2026-02-18 15:08:13,697 - INFO - Loaded plugin: libsensor.dylib
2026-02-18 15:08:13,697 - INFO - Loaded plugin: libelasticity.dylib
2026-02-18 15:08:13,697 - INFO - Parsing MJCF file...
2026-02-18 15:08:13,768 - INFO - Model loaded successfully!
2026-02-18 15:08:13,768 - INFO -   - Bodies: 21
2026-02-18 15:08:13,768 - INFO -   - Joints: 19
2026-02-18 15:08:13,768 - INFO -   - Geoms: 157
2026-02-18 15:08:13,768 - INFO -   - Actuators: 6
2026-02-18 15:08:13,768 - INFO -   - DOF: 48
2026-02-18 15:08:13,769 - INFO - Simulation data initialized
2026-02-18 15:08:13,769 - INFO - Running test simulation step...
2026-02-18 15:08:13,769 - INFO - Test step completed successfully
2026-02-18 15:08:13,830 - INFO - Launching interactive viewer...
2026-02-18 15:08:13,831 - INFO - Controls: Space=pause, Backspace=reset, Tab=UI, Ctrl+L=reload
2026-02-18 15:22:58,188 - INFO - Loading MuJoCo model from: /Users/victoroldensand/Documents/Mecha-Labs/FR8/delta-policy/simulation/delta-robot/scene.xml
2026-02-18 15:22:58,308 - INFO - Loaded plugin: libsdf_plugin.dylib
2026-02-18 15:22:58,308 - INFO - Loaded plugin: libactuator.dylib
2026-02-18 15:22:58,308 - INFO - Loaded plugin: libsensor.dylib
2026-02-18 15:22:58,308 - INFO - Loaded plugin: libelasticity.dylib
2026-02-18 15:22:58,308 - INFO - Parsing MJCF file...
2026-02-18 15:22:58,380 - INFO - Model loaded successfully!
2026-02-18 15:22:58,381 - INFO -   - Bodies: 20
2026-02-18 15:22:58,381 - INFO -   - Joints: 18
2026-02-18 15:22:58,381 - INFO -   - Geoms: 155
2026-02-18 15:22:58,381 - INFO -   - Actuators: 6
2026-02-18 15:22:58,381 - INFO -   - DOF: 42
2026-02-18 15:22:58,381 - INFO - Simulation data initialized
2026-02-18 15:22:58,381 - INFO - Running test simulation step...
2026-02-18 15:22:58,382 - INFO - Test step completed successfully
2026-02-18 15:22:58,443 - INFO - Launching interactive viewer...
2026-02-18 15:22:58,443 - INFO - Controls: Space=pause, Backspace=reset, Tab=UI, Ctrl+L=reload
2026-02-18 15:23:14,120 - INFO - Loading MuJoCo model from: /Users/victoroldensand/Documents/Mecha-Labs/FR8/delta-policy/simulation/delta-robot/scene.xml
2026-02-18 15:23:14,192 - INFO - Loaded plugin: libsdf_plugin.dylib
2026-02-18 15:23:14,192 - INFO - Loaded plugin: libactuator.dylib
2026-02-18 15:23:14,192 - INFO - Loaded plugin: libsensor.dylib
2026-02-18 15:23:14,193 - INFO - Loaded plugin: libelasticity.dylib
2026-02-18 15:23:14,193 - INFO - Parsing MJCF file...
2026-02-18 15:23:14,243 - INFO - Model loaded successfully!
2026-02-18 15:23:14,243 - INFO -   - Bodies: 20
2026-02-18 15:23:14,243 - INFO -   - Joints: 18
2026-02-18 15:23:14,243 - INFO -   - Geoms: 155
2026-02-18 15:23:14,243 - INFO -   - Actuators: 6
2026-02-18 15:23:14,243 - INFO -   - DOF: 42
2026-02-18 15:23:14,244 - INFO - Simulation data initialized
2026-02-18 15:23:14,244 - INFO - Running test simulation step...
2026-02-18 15:23:14,244 - INFO - Test step completed successfully
2026-02-18 15:23:14,299 - INFO - Launching interactive viewer...
2026-02-18 15:23:14,299 - INFO - Controls: Space=pause, Backspace=reset, Tab=UI, Ctrl+L=reload
2026-02-18 15:32:22,230 - INFO - Loading MuJoCo model from: /Users/victoroldensand/Documents/Mecha-Labs/FR8/delta-policy/simulation/delta-robot/scene.xml
2026-02-18 15:32:22,314 - INFO - Loaded plugin: libsdf_plugin.dylib
2026-02-18 15:32:22,314 - INFO - Loaded plugin: libactuator.dylib
2026-02-18 15:32:22,314 - INFO - Loaded plugin: libsensor.dylib
2026-02-18 15:32:22,314 - INFO - Loaded plugin: libelasticity.dylib
2026-02-18 15:32:22,314 - INFO - Parsing MJCF file...
2026-02-18 15:32:22,320 - ERROR - Error loading model: ValueError: XML Error: Error: repeated name 'closing_arm2_2' in site
Element 'site', line 0

2026-02-18 15:34:27,704 - INFO - Loading MuJoCo model from: /Users/victoroldensand/Documents/Mecha-Labs/FR8/delta-policy/simulation/delta-robot/scene.xml
2026-02-18 15:34:27,832 - INFO - Loaded plugin: libsdf_plugin.dylib
2026-02-18 15:34:27,832 - INFO - Loaded plugin: libactuator.dylib
2026-02-18 15:34:27,832 - INFO - Loaded plugin: libsensor.dylib
2026-02-18 15:34:27,832 - INFO - Loaded plugin: libelasticity.dylib
2026-02-18 15:34:27,832 - INFO - Parsing MJCF file...
2026-02-18 15:34:27,898 - INFO - Model loaded successfully!
2026-02-18 15:34:27,899 - INFO -   - Bodies: 20
2026-02-18 15:34:27,899 - INFO -   - Joints: 18
2026-02-18 15:34:27,899 - INFO -   - Geoms: 155
2026-02-18 15:34:27,899 - INFO -   - Actuators: 6
2026-02-18 15:34:27,899 - INFO -   - DOF: 42
2026-02-18 15:34:27,899 - INFO - Simulation data initialized
2026-02-18 15:34:27,899 - INFO - Running test simulation step...
2026-02-18 15:34:27,900 - INFO - Test step completed successfully
2026-02-18 15:34:28,036 - INFO - Launching interactive viewer...
2026-02-18 15:34:28,036 - INFO - Controls: Space=pause, Backspace=reset, Tab=UI, Ctrl+L=reload
2026-02-18 15:40:39,903 - INFO - Loading MuJoCo model from: /Users/victoroldensand/Documents/Mecha-Labs/FR8/delta-policy/simulation/delta-robot/scene.xml
2026-02-18 15:40:40,031 - INFO - Loaded plugin: libsdf_plugin.dylib
2026-02-18 15:40:40,031 - INFO - Loaded plugin: libactuator.dylib
2026-02-18 15:40:40,031 - INFO - Loaded plugin: libsensor.dylib
2026-02-18 15:40:40,031 - INFO - Loaded plugin: libelasticity.dylib
2026-02-18 15:40:40,031 - INFO - Parsing MJCF file...
2026-02-18 15:40:40,088 - INFO - Model loaded successfully!
2026-02-18 15:40:40,088 - INFO -   - Bodies: 20
2026-02-18 15:40:40,088 - INFO -   - Joints: 18
2026-02-18 15:40:40,088 - INFO -   - Geoms: 155
2026-02-18 15:40:40,088 - INFO -   - Actuators: 6
2026-02-18 15:40:40,088 - INFO -   - DOF: 42
2026-02-18 15:40:40,088 - INFO - Simulation data initialized
2026-02-18 15:40:40,089 - INFO - Running test simulation step...
2026-02-18 15:40:40,089 - INFO - Test step completed successfully
2026-02-18 15:40:40,178 - INFO - Launching interactive viewer...
2026-02-18 15:40:40,178 - INFO - Controls: Space=pause, Backspace=reset, Tab=UI, Ctrl+L=reload
2026-02-18 15:42:55,059 - INFO - Loading MuJoCo model from: /Users/victoroldensand/Documents/Mecha-Labs/FR8/delta-policy/simulation/delta-robot/scene.xml
2026-02-18 15:42:55,122 - INFO - Loaded plugin: libsdf_plugin.dylib
2026-02-18 15:42:55,122 - INFO - Loaded plugin: libactuator.dylib
2026-02-18 15:42:55,122 - INFO - Loaded plugin: libsensor.dylib
2026-02-18 15:42:55,122 - INFO - Loaded plugin: libelasticity.dylib
2026-02-18 15:42:55,122 - INFO - Parsing MJCF file...
2026-02-18 15:42:55,176 - INFO - Model loaded successfully!
2026-02-18 15:42:55,176 - INFO -   - Bodies: 20
2026-02-18 15:42:55,176 - INFO -   - Joints: 18
2026-02-18 15:42:55,176 - INFO -   - Geoms: 155
2026-02-18 15:42:55,176 - INFO -   - Actuators: 6
2026-02-18 15:42:55,176 - INFO -   - DOF: 42
2026-02-18 15:42:55,177 - INFO - Simulation data initialized
2026-02-18 15:42:55,177 - INFO - Running test simulation step...
2026-02-18 15:42:55,177 - INFO - Test step completed successfully
2026-02-18 15:42:55,233 - INFO - Launching interactive viewer...
2026-02-18 15:42:55,233 - INFO - Controls: Space=pause, Backspace=reset, Tab=UI, Ctrl+L=reload
2026-02-18 15:46:51,972 - INFO - Loading MuJoCo model from: /Users/victoroldensand/Documents/Mecha-Labs/FR8/delta-policy/simulation/delta-robot/scene.xml
2026-02-18 15:46:52,084 - INFO - Loaded plugin: libsdf_plugin.dylib
2026-02-18 15:46:52,084 - INFO - Loaded plugin: libactuator.dylib
2026-02-18 15:46:52,084 - INFO - Loaded plugin: libsensor.dylib
2026-02-18 15:46:52,084 - INFO - Loaded plugin: libelasticity.dylib
2026-02-18 15:46:52,084 - INFO - Parsing MJCF file...
2026-02-18 15:46:52,145 - INFO - Model loaded successfully!
2026-02-18 15:46:52,145 - INFO -   - Bodies: 20
2026-02-18 15:46:52,145 - INFO -   - Joints: 18
2026-02-18 15:46:52,145 - INFO -   - Geoms: 155
2026-02-18 15:46:52,145 - INFO -   - Actuators: 6
2026-02-18 15:46:52,145 - INFO -   - DOF: 42
2026-02-18 15:46:52,146 - INFO - Simulation data initialized
2026-02-18 15:46:52,146 - INFO - Running test simulation step...
2026-02-18 15:46:52,146 - INFO - Test step completed successfully
2026-02-18 15:46:52,209 - INFO - Launching interactive viewer...
2026-02-18 15:46:52,209 - INFO - Controls: Space=pause, Backspace=reset, Tab=UI, Ctrl+L=reload
2026-02-18 16:20:49,052 - INFO - Loading MuJoCo model from: /Users/victoroldensand/Documents/Mecha-Labs/FR8/delta-policy/simulation/delta-robot/scene.xml
2026-02-18 16:20:49,556 - INFO - Loaded plugin: libsdf_plugin.dylib
2026-02-18 16:20:49,556 - INFO - Loaded plugin: libactuator.dylib
2026-02-18 16:20:49,556 - INFO - Loaded plugin: libsensor.dylib
2026-02-18 16:20:49,557 - INFO - Loaded plugin: libelasticity.dylib
2026-02-18 16:20:49,557 - INFO - Parsing MJCF file...
2026-02-18 16:20:49,559 - ERROR - Error loading model: ValueError: XML Error: body and site semantics cannot be mixed
Element 'weld', line 0

2026-02-18 16:22:07,670 - INFO - Loading MuJoCo model from: /Users/victoroldensand/Documents/Mecha-Labs/FR8/delta-policy/simulation/delta-robot/scene.xml
2026-02-18 16:22:07,788 - INFO - Loaded plugin: libsdf_plugin.dylib
2026-02-18 16:22:07,788 - INFO - Loaded plugin: libactuator.dylib
2026-02-18 16:22:07,788 - INFO - Loaded plugin: libsensor.dylib
2026-02-18 16:22:07,788 - INFO - Loaded plugin: libelasticity.dylib
2026-02-18 16:22:07,788 - INFO - Parsing MJCF file...
2026-02-18 16:22:07,867 - INFO - Model loaded successfully!
2026-02-18 16:22:07,867 - INFO -   - Bodies: 20
2026-02-18 16:22:07,867 - INFO -   - Joints: 18
2026-02-18 16:22:07,867 - INFO -   - Geoms: 155
2026-02-18 16:22:07,867 - INFO -   - Actuators: 6
2026-02-18 16:22:07,867 - INFO -   - DOF: 42
2026-02-18 16:22:07,868 - INFO - Simulation data initialized
2026-02-18 16:22:07,868 - INFO - Running test simulation step...
2026-02-18 16:22:07,868 - INFO - Test step completed successfully
2026-02-18 16:22:08,035 - INFO - Launching interactive viewer...
2026-02-18 16:22:08,035 - INFO - Controls: Space=pause, Backspace=reset, Tab=UI, Ctrl+L=reload
2026-02-18 16:36:42,008 - INFO - Loading MuJoCo model from: /Users/victoroldensand/Documents/Mecha-Labs/FR8/delta-policy/simulation/delta-robot/scene.xml
2026-02-18 16:36:42,327 - INFO - Loaded plugin: libsdf_plugin.dylib
2026-02-18 16:36:42,327 - INFO - Loaded plugin: libactuator.dylib
2026-02-18 16:36:42,327 - INFO - Loaded plugin: libsensor.dylib
2026-02-18 16:36:42,327 - INFO - Loaded plugin: libelasticity.dylib
2026-02-18 16:36:42,327 - INFO - Parsing MJCF file...
2026-02-18 16:36:42,333 - ERROR - Error loading model: ValueError: XML Error: Schema violation: unrecognized element
Element 'mujoco', line 0

2026-02-18 16:38:07,345 - INFO - Loading MuJoCo model from: /Users/victoroldensand/Documents/Mecha-Labs/FR8/delta-policy/simulation/delta-robot/scene.xml
2026-02-18 16:38:07,457 - INFO - Loaded plugin: libsdf_plugin.dylib
2026-02-18 16:38:07,457 - INFO - Loaded plugin: libactuator.dylib
2026-02-18 16:38:07,457 - INFO - Loaded plugin: libsensor.dylib
2026-02-18 16:38:07,457 - INFO - Loaded plugin: libelasticity.dylib
2026-02-18 16:38:07,457 - INFO - Parsing MJCF file...
2026-02-18 16:38:07,462 - ERROR - Error loading model: ValueError: XML Error: Schema violation: unrecognized element
Element 'mujoco', line 0

2026-02-18 16:38:19,305 - INFO - Loading MuJoCo model from: /Users/victoroldensand/Documents/Mecha-Labs/FR8/delta-policy/simulation/delta-robot/scene.xml
2026-02-18 16:38:19,423 - INFO - Loaded plugin: libsdf_plugin.dylib
2026-02-18 16:38:19,423 - INFO - Loaded plugin: libactuator.dylib
2026-02-18 16:38:19,423 - INFO - Loaded plugin: libsensor.dylib
2026-02-18 16:38:19,423 - INFO - Loaded plugin: libelasticity.dylib
2026-02-18 16:38:19,423 - INFO - Parsing MJCF file...
2026-02-18 16:38:19,424 - ERROR - Error loading model: ValueError: XML Error: Schema violation: unrecognized element
Element 'mujoco', line 0

2026-02-18 16:38:42,196 - INFO - Loading MuJoCo model from: /Users/victoroldensand/Documents/Mecha-Labs/FR8/delta-policy/simulation/delta-robot/scene.xml
2026-02-18 16:38:42,258 - INFO - Loaded plugin: libsdf_plugin.dylib
2026-02-18 16:38:42,258 - INFO - Loaded plugin: libactuator.dylib
2026-02-18 16:38:42,258 - INFO - Loaded plugin: libsensor.dylib
2026-02-18 16:38:42,258 - INFO - Loaded plugin: libelasticity.dylib
2026-02-18 16:38:42,258 - INFO - Parsing MJCF file...
2026-02-18 16:38:42,259 - ERROR - Error loading model: ValueError: XML Error: Schema violation: unrecognized element
Element 'mujoco', line 0

2026-02-18 16:41:39,008 - INFO - Loading MuJoCo model from: /Users/victoroldensand/Documents/Mecha-Labs/FR8/delta-policy/simulation/delta-robot/scene.xml
2026-02-18 16:41:39,125 - INFO - Loaded plugin: libsdf_plugin.dylib
2026-02-18 16:41:39,125 - INFO - Loaded plugin: libactuator.dylib
2026-02-18 16:41:39,125 - INFO - Loaded plugin: libsensor.dylib
2026-02-18 16:41:39,125 - INFO - Loaded plugin: libelasticity.dylib
2026-02-18 16:41:39,125 - INFO - Parsing MJCF file...
2026-02-18 16:41:39,201 - INFO - Model loaded successfully!
2026-02-18 16:41:39,201 - INFO -   - Bodies: 15
2026-02-18 16:41:39,201 - INFO -   - Joints: 13
2026-02-18 16:41:39,201 - INFO -   - Geoms: 155
2026-02-18 16:41:39,201 - INFO -   - Actuators: 6
2026-02-18 16:41:39,201 - INFO -   - DOF: 27
2026-02-18 16:41:39,202 - INFO - Simulation data initialized
2026-02-18 16:41:39,202 - INFO - Running test simulation step...
2026-02-18 16:41:39,202 - INFO - Test step completed successfully
2026-02-18 16:41:39,337 - INFO - Launching interactive viewer...
2026-02-18 16:41:39,337 - INFO - Controls: Space=pause, Backspace=reset, Tab=UI, Ctrl+L=reload
